g:\4to\sonido\practicas\pract3\practica_fmod\x64\debug\vc142.pdb
g:\4to\sonido\practicas\pract3\practica_fmod\x64\debug\vc142.idb
g:\4to\sonido\practicas\pract3\practica_fmod\x64\debug\main.obj
g:\4to\sonido\practicas\pract3\practica_fmod\x64\debug\source.obj
g:\4to\sonido\practicas\sonidoenvideojuegos\pract3\practica_fmod\x64\debug\vc142.pdb
g:\4to\sonido\practicas\sonidoenvideojuegos\pract3\practica_fmod\x64\debug\vc142.idb
g:\4to\sonido\practicas\sonidoenvideojuegos\pract3\practica_fmod\x64\debug\main.obj
g:\4to\sonido\practicas\sonidoenvideojuegos\pract3\practica_fmod\x64\debug\source.obj
c:\users\pepin\documents\universidad\ucm\curso_2021-2022\sonidos\practica3\sonidoenvideojuegos\pract3\practica_fmod\x64\debug\vc142.pdb
c:\users\pepin\documents\universidad\ucm\curso_2021-2022\sonidos\practica3\sonidoenvideojuegos\pract3\practica_fmod\x64\debug\vc142.idb
c:\users\pepin\documents\universidad\ucm\curso_2021-2022\sonidos\practica3\sonidoenvideojuegos\pract3\practica_fmod\x64\debug\source.obj
c:\users\pepin\documents\universidad\ucm\curso_2021-2022\sonidos\practica3\sonidoenvideojuegos\pract3\practica_fmod\x64\debug\main.obj
g:\4to\sonido\practicas\pract3\exes\practica_fmod.exe
g:\4to\sonido\practicas\pract3\exes\practica_fmod.ilk
g:\4to\sonido\practicas\pract3\exes\practica_fmod.pdb
g:\4to\sonido\practicas\sonidoenvideojuegos\pract3\exes\practica_fmod.exe
g:\4to\sonido\practicas\sonidoenvideojuegos\pract3\exes\practica_fmod.ilk
g:\4to\sonido\practicas\sonidoenvideojuegos\pract3\exes\practica_fmod.pdb
c:\users\pepin\documents\universidad\ucm\curso_2021-2022\sonidos\practica3\sonidoenvideojuegos\pract3\practica_fmod\x64\debug\practica_fmod.ilk
c:\users\pepin\documents\universidad\ucm\curso_2021-2022\sonidos\practica3\sonidoenvideojuegos\pract3\exes\practica_fmod.exe
c:\users\pepin\documents\universidad\ucm\curso_2021-2022\sonidos\practica3\sonidoenvideojuegos\pract3\exes\practica_fmod.pdb
g:\4to\sonido\practicas\pract3\exes\practica_fmod.ipdb
g:\4to\sonido\practicas\pract3\exes\practica_fmod.iobj
g:\4to\sonido\practicas\sonidoenvideojuegos\pract3\exes\practica_fmod.ipdb
g:\4to\sonido\practicas\sonidoenvideojuegos\pract3\exes\practica_fmod.iobj
c:\users\pepin\documents\universidad\ucm\curso_2021-2022\sonidos\practica3\sonidoenvideojuegos\pract3\exes\practica_fmod.ilk
c:\users\pepin\documents\universidad\ucm\curso_2021-2022\sonidos\practica3\sonidoenvideojuegos\pract3\practica_fmod\x64\debug\practica_fmod.tlog\cl.command.1.tlog
c:\users\pepin\documents\universidad\ucm\curso_2021-2022\sonidos\practica3\sonidoenvideojuegos\pract3\practica_fmod\x64\debug\practica_fmod.tlog\cl.read.1.tlog
c:\users\pepin\documents\universidad\ucm\curso_2021-2022\sonidos\practica3\sonidoenvideojuegos\pract3\practica_fmod\x64\debug\practica_fmod.tlog\cl.write.1.tlog
c:\users\pepin\documents\universidad\ucm\curso_2021-2022\sonidos\practica3\sonidoenvideojuegos\pract3\practica_fmod\x64\debug\practica_fmod.tlog\link.command.1.tlog
c:\users\pepin\documents\universidad\ucm\curso_2021-2022\sonidos\practica3\sonidoenvideojuegos\pract3\practica_fmod\x64\debug\practica_fmod.tlog\link.read.1.tlog
c:\users\pepin\documents\universidad\ucm\curso_2021-2022\sonidos\practica3\sonidoenvideojuegos\pract3\practica_fmod\x64\debug\practica_fmod.tlog\link.write.1.tlog
c:\users\pepin\documents\universidad\ucm\curso_2021-2022\sonidos\practica3\sonidoenvideojuegos\pract3\practica_fmod\x64\debug\practica_fmod.tlog\practica_fmod.write.1u.tlog
